# JRE version: Java(TM) SE Runtime Environment (8.0_201-b09) (build 1.8.0_201-b09)
# Java VM: Java HotSpot(TM) 64-Bit Server VM (25.201-b09 mixed mode linux-amd64 compressed oops)
Heap:
 PSYoungGen      total 305664K, used 40978K [0x00000000d5580000, 0x00000000eaa80000, 0x0000000100000000)
  eden space 262144K, 0% used [0x00000000d5580000,0x00000000d5580000,0x00000000e5580000)
  from space 43520K, 94% used [0x00000000e8000000,0x00000000ea804880,0x00000000eaa80000)
  to   space 43520K, 0% used [0x00000000e5580000,0x00000000e5580000,0x00000000e8000000)
 ParOldGen       total 699392K, used 14357K [0x0000000080000000, 0x00000000aab00000, 0x00000000d5580000)
  object space 699392K, 2% used [0x0000000080000000,0x0000000080e056d8,0x00000000aab00000)
 Metaspace       used 22794K, capacity 23014K, committed 23680K, reserved 1071104K
  class space    used 2488K, capacity 2568K, committed 2688K, reserved 1048576K
GC Heap History (9 events):
Event: 2320.310 GC heap before
{Heap before GC invocations=1 (full 0):
 PSYoungGen      total 305664K, used 115346K [0x00000000d5580000, 0x00000000eaa80000, 0x0000000100000000)
  eden space 262144K, 44% used [0x00000000d5580000,0x00000000dc624b58,0x00000000e5580000)
  from space 43520K, 0% used [0x00000000e8000000,0x00000000e8000000,0x00000000eaa80000)
  to   space 43520K, 0% used [0x00000000e5580000,0x00000000e5580000,0x00000000e8000000)
 ParOldGen       total 699392K, used 0K [0x0000000080000000, 0x00000000aab00000, 0x00000000d5580000)
  object space 699392K, 0% used [0x0000000080000000,0x0000000080000000,0x00000000aab00000)
 Metaspace       used 20822K, capacity 21078K, committed 21248K, reserved 1069056K
  class space    used 2418K, capacity 2494K, committed 2560K, reserved 1048576K
Event: 2320.368 GC heap after
Heap after GC invocations=1 (full 0):
 PSYoungGen      total 305664K, used 16287K [0x00000000d5580000, 0x00000000eaa80000, 0x0000000100000000)
  eden space 262144K, 0% used [0x00000000d5580000,0x00000000d5580000,0x00000000e5580000)
  from space 43520K, 37% used [0x00000000e5580000,0x00000000e6567fc0,0x00000000e8000000)
  to   space 43520K, 0% used [0x00000000e8000000,0x00000000e8000000,0x00000000eaa80000)
 ParOldGen       total 699392K, used 80K [0x0000000080000000, 0x00000000aab00000, 0x00000000d5580000)
  object space 699392K, 0% used [0x0000000080000000,0x0000000080014010,0x00000000aab00000)
 Metaspace       used 20822K, capacity 21078K, committed 21248K, reserved 1069056K
  class space    used 2418K, capacity 2494K, committed 2560K, reserved 1048576K
}
Event: 2320.368 GC heap before
{Heap before GC invocations=2 (full 1):
 PSYoungGen      total 305664K, used 16287K [0x00000000d5580000, 0x00000000eaa80000, 0x0000000100000000)
  eden space 262144K, 0% used [0x00000000d5580000,0x00000000d5580000,0x00000000e5580000)
  from space 43520K, 37% used [0x00000000e5580000,0x00000000e6567fc0,0x00000000e8000000)
  to   space 43520K, 0% used [0x00000000e8000000,0x00000000e8000000,0x00000000eaa80000)
 ParOldGen       total 699392K, used 80K [0x0000000080000000, 0x00000000aab00000, 0x00000000d5580000)
  object space 699392K, 0% used [0x0000000080000000,0x0000000080014010,0x00000000aab00000)
 Metaspace       used 20822K, capacity 21078K, committed 21248K, reserved 1069056K
  class space    used 2418K, capacity 2494K, committed 2560K, reserved 1048576K
Event: 2320.483 GC heap after
Heap after GC invocations=2 (full 1):
 PSYoungGen      total 305664K, used 0K [0x00000000d5580000, 0x00000000eaa80000, 0x0000000100000000)
  eden space 262144K, 0% used [0x00000000d5580000,0x00000000d5580000,0x00000000e5580000)
  from space 43520K, 0% used [0x00000000e5580000,0x00000000e5580000,0x00000000e8000000)
  to   space 43520K, 0% used [0x00000000e8000000,0x00000000e8000000,0x00000000eaa80000)
 ParOldGen       total 699392K, used 14333K [0x0000000080000000, 0x00000000aab00000, 0x00000000d5580000)
  object space 699392K, 2% used [0x0000000080000000,0x0000000080dff6d8,0x00000000aab00000)
 Metaspace       used 20622K, capacity 20756K, committed 21248K, reserved 1069056K
  class space    used 2387K, capacity 2437K, committed 2560K, reserved 1048576K
}
Event: 2326.702 GC heap before
{Heap before GC invocations=3 (full 1):
 PSYoungGen      total 305664K, used 262144K [0x00000000d5580000, 0x00000000eaa80000, 0x0000000100000000)
  eden space 262144K, 100% used [0x00000000d5580000,0x00000000e5580000,0x00000000e5580000)
  from space 43520K, 0% used [0x00000000e5580000,0x00000000e5580000,0x00000000e8000000)
  to   space 43520K, 0% used [0x00000000e8000000,0x00000000e8000000,0x00000000eaa80000)
 ParOldGen       total 699392K, used 14333K [0x0000000080000000, 0x00000000aab00000, 0x00000000d5580000)
  object space 699392K, 2% used [0x0000000080000000,0x0000000080dff6d8,0x00000000aab00000)
 Metaspace       used 21788K, capacity 22010K, committed 22528K, reserved 1069056K
  class space    used 2400K, capacity 2470K, committed 2560K, reserved 1048576K
Event: 2326.750 GC heap after
Heap after GC invocations=3 (full 1):
 PSYoungGen      total 305664K, used 25393K [0x00000000d5580000, 0x00000000eaa80000, 0x0000000100000000)
  eden space 262144K, 0% used [0x00000000d5580000,0x00000000d5580000,0x00000000e5580000)
  from space 43520K, 58% used [0x00000000e8000000,0x00000000e98cc518,0x00000000eaa80000)
  to   space 43520K, 0% used [0x00000000e5580000,0x00000000e5580000,0x00000000e8000000)
 ParOldGen       total 699392K, used 14341K [0x0000000080000000, 0x00000000aab00000, 0x00000000d5580000)
  object space 699392K, 2% used [0x0000000080000000,0x0000000080e016d8,0x00000000aab00000)
 Metaspace       used 21788K, capacity 22010K, committed 22528K, reserved 1069056K
  class space    used 2400K, capacity 2470K, committed 2560K, reserved 1048576K
}
Event: 2330.378 GC heap before
{Heap before GC invocations=4 (full 1):
 PSYoungGen      total 305664K, used 287537K [0x00000000d5580000, 0x00000000eaa80000, 0x0000000100000000)
  eden space 262144K, 100% used [0x00000000d5580000,0x00000000e5580000,0x00000000e5580000)
  from space 43520K, 58% used [0x00000000e8000000,0x00000000e98cc518,0x00000000eaa80000)
  to   space 43520K, 0% used [0x00000000e5580000,0x00000000e5580000,0x00000000e8000000)
 ParOldGen       total 699392K, used 14341K [0x0000000080000000, 0x00000000aab00000, 0x00000000d5580000)
  object space 699392K, 2% used [0x0000000080000000,0x0000000080e016d8,0x00000000aab00000)
 Metaspace       used 22773K, capacity 23014K, committed 23680K, reserved 1071104K
  class space    used 2488K, capacity 2568K, committed 2688K, reserved 1048576K
Event: 2330.459 GC heap after
Heap after GC invocations=4 (full 1):
 PSYoungGen      total 305664K, used 41367K [0x00000000d5580000, 0x00000000eaa80000, 0x0000000100000000)
  eden space 262144K, 0% used [0x00000000d5580000,0x00000000d5580000,0x00000000e5580000)
  from space 43520K, 95% used [0x00000000e5580000,0x00000000e7de5db0,0x00000000e8000000)
  to   space 43520K, 0% used [0x00000000e8000000,0x00000000e8000000,0x00000000eaa80000)
 ParOldGen       total 699392K, used 14349K [0x0000000080000000, 0x00000000aab00000, 0x00000000d5580000)
  object space 699392K, 2% used [0x0000000080000000,0x0000000080e036d8,0x00000000aab00000)
 Metaspace       used 22773K, capacity 23014K, committed 23680K, reserved 1071104K
  class space    used 2488K, capacity 2568K, committed 2688K, reserved 1048576K
}
Event: 2332.068 GC heap before
{Heap before GC invocations=5 (full 1):
 PSYoungGen      total 305664K, used 303511K [0x00000000d5580000, 0x00000000eaa80000, 0x0000000100000000)
  eden space 262144K, 100% used [0x00000000d5580000,0x00000000e5580000,0x00000000e5580000)
  from space 43520K, 95% used [0x00000000e5580000,0x00000000e7de5db0,0x00000000e8000000)
  to   space 43520K, 0% used [0x00000000e8000000,0x00000000e8000000,0x00000000eaa80000)
 ParOldGen       total 699392K, used 14349K [0x0000000080000000, 0x00000000aab00000, 0x00000000d5580000)
  object space 699392K, 2% used [0x0000000080000000,0x0000000080e036d8,0x00000000aab00000)
 Metaspace       used 22794K, capacity 23014K, committed 23680K, reserved 1071104K
  class space    used 2488K, capacity 2568K, committed 2688K, reserved 1048576K

